<?xml version="1.0" encoding="UTF-8"?>
<databaseChangeLog xmlns:xsi="http://www.w3.org/2001/XMLSchema-instance"
                   xmlns="http://www.liquibase.org/xml/ns/dbchangelog"
                   xsi:schemaLocation="http://www.liquibase.org/xml/ns/dbchangelog http://www.liquibase.org/xml/ns/dbchangelog/dbchangelog-4.1.xsd">
    <include file="liquibase/master.xml"/>
    <changeSet id="99999" author="DA">
        <sqlFile endDelimiter="\nGO"
                 path="liquibase/proc.sql"/>
    </changeSet>
</databaseChangeLog>
